<?xml version="1.0" encoding="UTF-8"?>
<!-- Generated by org.testng.reporters.JUnitReportReporter -->
<testsuite hostname="Aditya" failures="0" tests="1" name="testngdemos.annotation1" time="2.567" errors="0" timestamp="2022-07-29T20:58:59 IST" skipped="0">
  <testcase classname="testngdemos.annotation1" name="search" time="2.567"/>
  <system-out/>
</testsuite> <!-- testngdemos.annotation1 -->
