<?xml version="1.0" encoding="UTF-8"?>
<!-- Generated by org.testng.reporters.JUnitReportReporter -->
<testsuite hostname="DESKTOP-QUDCV20" failures="0" tests="1" name="testngdemos.amazontest" time="10.908" errors="0" timestamp="2022-05-19T23:46:00 IST" skipped="0">
  <testcase classname="testngdemos.amazontest" name="f" time="10.908"/>
  <system-out>
    <![CDATA[amazon page open successfully......]]>
  </system-out>
</testsuite> <!-- testngdemos.amazontest -->
