<?xml version="1.0" encoding="UTF-8"?>
<!-- Generated by org.testng.reporters.JUnitReportReporter -->
<testsuite hostname="Aditya" failures="0" tests="4" name="testngdemos.new_DisablingTesting" time="0.010" errors="0" timestamp="2022-07-27T16:38:58 IST" skipped="1">
  <testcase classname="testngdemos.new_DisablingTesting" name="Login" time="0.007"/>
  <system-out/>
  <testcase classname="testngdemos.new_DisablingTesting" name="Withdraw" time="0.001"/>
  <system-out/>
  <testcase classname="testngdemos.new_DisablingTesting" name="Logout" time="0.002"/>
  <system-out/>
  <testcase classname="testngdemos.new_DisablingTesting" name="Deposite">
    <skipped/>
  </testcase> <!-- Deposite -->
  <system-out/>
</testsuite> <!-- testngdemos.new_DisablingTesting -->
