<?xml version="1.0" encoding="UTF-8"?>
<!-- Generated by org.testng.reporters.JUnitReportReporter -->
<testsuite hostname="Aditya" failures="0" tests="1" name="testngdemos.newparameteizedTesting" time="24.406" errors="0" timestamp="2022-08-02T17:16:10 IST" skipped="0">
  <testcase classname="testngdemos.newparameteizedTesting" name="search1" time="24.406"/>
  <system-out>
    <![CDATA['selenium' product search in Books' category test is sucess ']]>
  </system-out>
</testsuite> <!-- testngdemos.newparameteizedTesting -->
