<?xml version="1.0" encoding="UTF-8"?>
<!-- Generated by org.testng.reporters.JUnitReportReporter -->
<testsuite hostname="Aditya" failures="0" tests="1" name="testngdemos.ebayTest" time="10.598" errors="0" timestamp="2022-08-03T13:42:32 IST" skipped="0">
  <testcase classname="testngdemos.ebayTest" name="esrarch" time="10.598"/>
  <system-out>
    <![CDATA[Ebay search test is success........]]>
  </system-out>
</testsuite> <!-- testngdemos.ebayTest -->
