<?xml version="1.0" encoding="UTF-8"?>
<!-- Generated by org.testng.reporters.JUnitReportReporter -->
<testsuite hostname="Aditya" failures="0" tests="1" name="testngdemos.annotation2" time="1.084" errors="0" timestamp="2022-07-29T20:59:17 IST" skipped="0">
  <testcase classname="testngdemos.annotation2" name="asearch" time="1.084"/>
  <system-out/>
</testsuite> <!-- testngdemos.annotation2 -->
