<?xml version="1.0" encoding="UTF-8"?>
<!-- Generated by org.testng.reporters.JUnitReportReporter -->
<testsuite hostname="Aditya" failures="0" tests="4" name="testngdemos.new_MultiTest_PrioritizeTest" time="0.011" errors="0" timestamp="2022-07-27T13:13:44 IST" skipped="0">
  <testcase classname="testngdemos.new_MultiTest_PrioritizeTest" name="Login" time="0.008"/>
  <system-out/>
  <testcase classname="testngdemos.new_MultiTest_PrioritizeTest" name="Deposite" time="0.001"/>
  <system-out/>
  <testcase classname="testngdemos.new_MultiTest_PrioritizeTest" name="Withdraw" time="0.001"/>
  <system-out/>
  <testcase classname="testngdemos.new_MultiTest_PrioritizeTest" name="Logout" time="0.001"/>
  <system-out/>
</testsuite> <!-- testngdemos.new_MultiTest_PrioritizeTest -->
