<?xml version="1.0" encoding="UTF-8"?>
<!-- Generated by org.testng.reporters.JUnitReportReporter -->
<testsuite hostname="Aditya" failures="0" tests="1" name="testngdemos.newUsingAnnotation1" time="9.793" errors="0" timestamp="2022-07-27T17:44:22 IST" skipped="0">
  <testcase classname="testngdemos.newUsingAnnotation1" name="Asearch" time="9.793"/>
  <system-out/>
</testsuite> <!-- testngdemos.newUsingAnnotation1 -->
