<?xml version="1.0" encoding="UTF-8"?>
<!-- Generated by org.testng.reporters.JUnitReportReporter -->
<testsuite hostname="DESKTOP-QUDCV20" failures="0" tests="4" name="testngdemos.multi_and_prioritized_test" time="0.012" errors="0" timestamp="2022-05-15T12:53:38 IST" skipped="0">
  <testcase classname="testngdemos.multi_and_prioritized_test" name="login" time="0.007"/>
  <system-out/>
  <testcase classname="testngdemos.multi_and_prioritized_test" name="deposte" time="0.003"/>
  <system-out/>
  <testcase classname="testngdemos.multi_and_prioritized_test" name="withdraw" time="0.000"/>
  <system-out/>
  <testcase classname="testngdemos.multi_and_prioritized_test" name="logout" time="0.002"/>
  <system-out/>
</testsuite> <!-- testngdemos.multi_and_prioritized_test -->
