<?xml version="1.0" encoding="UTF-8"?>
<!-- Generated by org.testng.reporters.JUnitReportReporter -->
<testsuite hostname="DESKTOP-QUDCV20" failures="0" tests="4" name="testngdemos.disablingtesting" time="0.008" errors="0" timestamp="2022-05-15T13:04:12 IST" skipped="1">
  <testcase classname="testngdemos.disablingtesting" name="login" time="0.007"/>
  <system-out/>
  <testcase classname="testngdemos.disablingtesting" name="withdraw" time="0.001"/>
  <system-out/>
  <testcase classname="testngdemos.disablingtesting" name="logout" time="0.000"/>
  <system-out/>
  <testcase classname="testngdemos.disablingtesting" name="deposte">
    <skipped/>
  </testcase> <!-- deposte -->
  <system-out/>
</testsuite> <!-- testngdemos.disablingtesting -->
