<?xml version="1.0" encoding="UTF-8"?>
<!-- Generated by org.testng.reporters.JUnitReportReporter -->
<testsuite hostname="Aditya" failures="0" tests="2" name="testngdemos.newGroupTest" time="0.010" errors="0" timestamp="2022-07-27T17:14:24 IST" skipped="0">
  <testcase classname="testngdemos.newGroupTest" name="Withdraw" time="0.004"/>
  <system-out/>
  <testcase classname="testngdemos.newGroupTest" name="Deposite" time="0.006"/>
  <system-out/>
</testsuite> <!-- testngdemos.newGroupTest -->
