<?xml version="1.0" encoding="UTF-8"?>
<!-- Generated by org.testng.reporters.JUnitReportReporter -->
<testsuite hostname="DESKTOP-QUDCV20" failures="0" tests="2" name="testngdemos.grouptest" time="0.007" errors="0" timestamp="2022-05-15T13:23:37 IST" skipped="0">
  <testcase classname="testngdemos.grouptest" name="logout" time="0.001"/>
  <system-out/>
  <testcase classname="testngdemos.grouptest" name="login" time="0.006"/>
  <system-out/>
</testsuite> <!-- testngdemos.grouptest -->
