<?xml version="1.0" encoding="UTF-8"?>
<!-- Generated by org.testng.reporters.JUnitReportReporter -->
<testsuite hostname="Aditya" failures="0" tests="1" name="testngdemos.newAmazonTest" time="9.357" errors="0" timestamp="2022-07-26T17:55:58 IST" skipped="0">
  <testcase classname="testngdemos.newAmazonTest" name="NeAsearch" time="9.357"/>
  <system-out>
    <![CDATA[amazon test is sucessfull]]>
  </system-out>
</testsuite> <!-- testngdemos.newAmazonTest -->
